TN:
SF:src/ERC721TransferLock.sol
FN:19,ERC721TransferLock._lockToken
FNDA:1820,ERC721TransferLock._lockToken
DA:20,1820
FN:24,ERC721TransferLock.isTokenLocked
FNDA:6,ERC721TransferLock.isTokenLocked
DA:25,56821
FN:29,ERC721TransferLock._update
FNDA:56815,ERC721TransferLock._update
DA:30,56815
BRDA:30,0,0,520
DA:31,520
DA:33,56295
FNF:3
FNH:3
LF:5
LH:5
BRF:1
BRH:1
end_of_record
TN:
SF:src/VeggiaERC721.sol
FN:130,VeggiaERC721.
FNDA:1063,VeggiaERC721.
DA:131,1063
DA:132,1063
FN:146,VeggiaERC721.initialize
FNDA:1063,VeggiaERC721.initialize
DA:147,0
BRDA:147,0,0,-
DA:148,1063
DA:150,1063
DA:152,1063
DA:153,1063
DA:154,1063
DA:157,1063
DA:158,1063
DA:161,1063
DA:162,1063
DA:163,1063
DA:164,1063
DA:165,1063
DA:166,1063
DA:167,1063
DA:170,1063
FN:181,VeggiaERC721.freeMint3
FNDA:193732,VeggiaERC721.freeMint3
DA:182,193732
DA:183,193732
DA:186,193732
DA:190,193732
DA:193,193732
DA:194,193732
BRDA:194,1,0,491
DA:195,491
DA:199,193732
BRDA:199,2,0,187776
DA:202,5956
DA:205,5956
DA:208,5956
DA:211,5956
BRDA:211,3,0,505
DA:212,505
DA:218,5956
DA:221,5956
FN:228,VeggiaERC721.mint3
FNDA:4153,VeggiaERC721.mint3
DA:229,4153
DA:230,4153
DA:232,4153
BRDA:232,4,0,-
DA:233,0
DA:237,0
BRDA:237,5,0,-
BRDA:237,5,1,4153
DA:238,0
DA:240,4153
DA:243,4153
FN:251,VeggiaERC721.mint3WithSignature
FNDA:1297,VeggiaERC721.mint3WithSignature
DA:253,1297
DA:254,1297
DA:255,1297
BRDA:255,6,0,258
DA:257,1039
DA:258,258
BRDA:258,7,0,258
DA:260,781
DA:262,781
BRDA:262,8,0,258
DA:265,523
DA:267,523
FN:276,VeggiaERC721.buyCaps
FNDA:5208,VeggiaERC721.buyCaps
DA:277,5208
BRDA:277,9,0,518
DA:279,4690
DA:281,4690
BRDA:281,10,0,512
DA:282,4178
BRDA:282,11,0,12
DA:285,4166
DA:286,4166
BRDA:286,12,0,-
DA:289,6
BRDA:289,13,0,6
BRDA:289,13,1,4160
DA:290,6
DA:292,4160
FN:301,VeggiaERC721.buyPremiumPack
FNDA:260,VeggiaERC721.buyPremiumPack
DA:302,260
BRDA:302,14,0,259
DA:305,1
DA:307,1
DA:310,1
DA:311,1
DA:314,1
DA:315,1
BRDA:315,15,0,-
DA:318,1
FN:325,VeggiaERC721.burn
FNDA:4,VeggiaERC721.burn
DA:330,4
FN:337,VeggiaERC721.batchBurn
FNDA:2,VeggiaERC721.batchBurn
DA:338,2
DA:339,2
DA:344,9
DA:347,9
FN:361,VeggiaERC721.capsBalanceOf
FNDA:189350,VeggiaERC721.capsBalanceOf
DA:363,189350
DA:364,189350
DA:367,189350
FN:376,VeggiaERC721._baseURI
FNDA:1,VeggiaERC721._baseURI
DA:377,1
FN:385,VeggiaERC721.supportsInterface
FNDA:0,VeggiaERC721.supportsInterface
DA:386,0
FN:397,VeggiaERC721.setBaseURI
FNDA:0,VeggiaERC721.setBaseURI
DA:398,0
DA:399,0
FN:406,VeggiaERC721.setCapsPrice
FNDA:0,VeggiaERC721.setCapsPrice
DA:407,0
DA:408,0
FN:415,VeggiaERC721.setPremiumCapsPrice
FNDA:0,VeggiaERC721.setPremiumCapsPrice
DA:416,0
DA:417,0
FN:424,VeggiaERC721.setPremiumPackPrice
FNDA:0,VeggiaERC721.setPremiumPackPrice
DA:425,0
DA:426,0
FN:433,VeggiaERC721.setFreeMintLimit
FNDA:0,VeggiaERC721.setFreeMintLimit
DA:434,0
BRDA:434,16,0,-
DA:435,0
DA:436,0
FN:443,VeggiaERC721.setFreeMintCooldown
FNDA:0,VeggiaERC721.setFreeMintCooldown
DA:444,0
DA:445,0
FN:452,VeggiaERC721.setFeeReceiver
FNDA:0,VeggiaERC721.setFeeReceiver
DA:453,0
DA:454,0
FN:461,VeggiaERC721.setCapsSigner
FNDA:0,VeggiaERC721.setCapsSigner
DA:462,0
DA:463,0
FN:477,VeggiaERC721._update
FNDA:56815,VeggiaERC721._update
DA:483,56815
FN:493,VeggiaERC721._open3CapsForSender
FNDA:10632,VeggiaERC721._open3CapsForSender
DA:494,10632
DA:495,10632
DA:496,10632
DA:497,10632
DA:498,10632
DA:499,10632
DA:500,10632
DA:503,10632
DA:504,10632
DA:505,10632
FN:513,VeggiaERC721._lockFirstMintToken
FNDA:10632,VeggiaERC721._lockFirstMintToken
DA:514,10632
BRDA:514,17,0,1820
DA:515,1820
DA:516,1820
DA:518,1820
FNF:23
FNH:14
LF:109
LH:87
BRF:20
BRH:14
end_of_record
TN:
SF:src/proxy/VeggiaERC721Proxy.sol
FN:17,VeggiaERC721Proxy.
FNDA:2,VeggiaERC721Proxy.
FN:24,VeggiaERC721Proxy.initialize
FNDA:2,VeggiaERC721Proxy.initialize
DA:25,2
BRDA:25,0,0,-
DA:26,0
BRDA:26,1,0,-
DA:28,2
DA:32,2
BRDA:32,2,0,-
DA:33,2
FN:39,VeggiaERC721Proxy.implementation
FNDA:1,VeggiaERC721Proxy.implementation
DA:40,1
FN:46,VeggiaERC721Proxy.admin
FNDA:1,VeggiaERC721Proxy.admin
DA:47,1
FNF:4
FNH:4
LF:7
LH:6
BRF:3
BRH:0
end_of_record
TN:
SF:test/VeggiaERC721Proxy.upgradeTo.t.sol
FN:14,VeggiaERC721ProxyTest.setUp
FNDA:0,VeggiaERC721ProxyTest.setUp
DA:15,0
DA:16,0
DA:17,0
DA:19,0
FNF:1
FNH:0
LF:4
LH:0
BRF:0
BRH:0
end_of_record
TN:
SF:test/utils/MintHelper.sol
FN:12,MintHelper.forceMint3
FNDA:3,MintHelper.forceMint3
DA:13,3
DA:14,6
DA:15,6
DA:16,6
DA:17,6
DA:18,6
DA:20,6
DA:21,6
DA:22,6
FN:26,MintHelper.forceMint3Premium
FNDA:0,MintHelper.forceMint3Premium
DA:27,0
DA:28,0
DA:29,0
DA:30,0
DA:31,0
DA:32,0
DA:34,0
DA:35,0
DA:36,0
FNF:2
FNH:1
LF:18
LH:9
BRF:0
BRH:0
end_of_record
