TN:
SF:src/ERC721TransferLock.sol
FN:20,ERC721TransferLock._lockToken
FNDA:2086,ERC721TransferLock._lockToken
DA:21,2086
FN:25,ERC721TransferLock.isTokenLocked
FNDA:6,ERC721TransferLock.isTokenLocked
DA:26,60580
FN:30,ERC721TransferLock._update
FNDA:60574,ERC721TransferLock._update
DA:31,60574
BRDA:31,0,0,520
DA:32,520
DA:34,60054
FNF:3
FNH:3
LF:5
LH:5
BRF:1
BRH:1
end_of_record
TN:
SF:src/VeggiaERC721.sol
FN:133,VeggiaERC721.
FNDA:1348,VeggiaERC721.
DA:134,1348
DA:135,1348
FN:149,VeggiaERC721.initialize
FNDA:1348,VeggiaERC721.initialize
DA:153,1348
DA:155,1348
DA:156,1348
DA:157,1348
DA:160,1348
DA:161,1348
DA:164,1348
DA:165,1348
DA:166,1348
DA:167,1348
DA:168,1348
DA:169,1348
DA:170,1348
DA:173,1348
FN:184,VeggiaERC721.freeMint3
FNDA:193980,VeggiaERC721.freeMint3
DA:186,193980
DA:187,193980
DA:190,193980
DA:194,193980
DA:197,193980
DA:198,193980
BRDA:198,0,0,489
DA:199,489
DA:203,193980
BRDA:203,1,0,187776
DA:206,6204
DA:209,6204
DA:212,6204
DA:215,6204
BRDA:215,2,0,504
DA:216,504
DA:222,6204
DA:225,6204
FN:232,VeggiaERC721.mint3
FNDA:4406,VeggiaERC721.mint3
DA:233,4406
DA:235,4406
BRDA:235,3,0,2
DA:236,2
DA:242,2
BRDA:242,4,0,2
BRDA:242,4,1,4402
DA:243,2
DA:245,4402
DA:250,4404
FN:261,VeggiaERC721.mint3WithSignature
FNDA:1557,VeggiaERC721.mint3WithSignature
DA:263,1557
DA:264,1557
DA:265,1557
BRDA:265,5,0,258
DA:268,1299
DA:271,258
BRDA:271,6,0,258
DA:275,1041
BRDA:275,7,0,258
DA:278,783
DA:281,783
DA:283,783
FN:292,VeggiaERC721.buyCaps
FNDA:5464,VeggiaERC721.buyCaps
DA:293,5464
BRDA:293,8,0,518
DA:295,4946
DA:297,4946
BRDA:297,9,0,512
DA:298,4434
BRDA:298,10,0,12
DA:301,11
BRDA:301,11,0,11
BRDA:301,11,1,4411
DA:302,11
DA:304,4411
DA:310,4422
DA:311,4422
BRDA:311,12,0,-
FN:318,VeggiaERC721.buyPremiumPack
FNDA:260,VeggiaERC721.buyPremiumPack
DA:319,260
BRDA:319,13,0,259
DA:322,1
DA:324,1
DA:328,1
DA:329,1
DA:333,1
DA:337,1
DA:338,1
BRDA:338,14,0,-
DA:341,1
FN:348,VeggiaERC721.burn
FNDA:4,VeggiaERC721.burn
DA:353,4
FN:360,VeggiaERC721.batchBurn
FNDA:2,VeggiaERC721.batchBurn
DA:362,2
DA:363,2
DA:368,9
DA:371,9
FN:385,VeggiaERC721.capsBalanceOf
FNDA:189370,VeggiaERC721.capsBalanceOf
DA:387,189370
DA:390,189370
DA:393,189370
FN:402,VeggiaERC721._baseURI
FNDA:4,VeggiaERC721._baseURI
DA:403,4
FN:411,VeggiaERC721.supportsInterface
FNDA:1,VeggiaERC721.supportsInterface
DA:412,1
FN:423,VeggiaERC721.setBaseURI
FNDA:1,VeggiaERC721.setBaseURI
DA:424,1
DA:425,1
FN:432,VeggiaERC721.setCapsPrice
FNDA:1,VeggiaERC721.setCapsPrice
DA:433,1
DA:434,1
FN:441,VeggiaERC721.setPremiumCapsPrice
FNDA:1,VeggiaERC721.setPremiumCapsPrice
DA:442,1
DA:443,1
FN:450,VeggiaERC721.setPremiumPackPrice
FNDA:1,VeggiaERC721.setPremiumPackPrice
DA:451,1
DA:452,1
FN:459,VeggiaERC721.setFreeMintLimit
FNDA:518,VeggiaERC721.setFreeMintLimit
DA:460,518
BRDA:460,15,0,259
DA:461,259
DA:462,259
FN:469,VeggiaERC721.setFreeMintCooldown
FNDA:1,VeggiaERC721.setFreeMintCooldown
DA:470,1
DA:471,1
FN:478,VeggiaERC721.setFeeReceiver
FNDA:1,VeggiaERC721.setFeeReceiver
DA:479,1
DA:480,1
FN:487,VeggiaERC721.setCapsSigner
FNDA:1,VeggiaERC721.setCapsSigner
DA:488,1
DA:489,1
FN:497,VeggiaERC721.setDefaultRoyalty
FNDA:1,VeggiaERC721.setDefaultRoyalty
DA:498,1
DA:499,1
FN:513,VeggiaERC721._update
FNDA:60574,VeggiaERC721._update
DA:519,60574
FN:529,VeggiaERC721._open3CapsForSender
FNDA:11391,VeggiaERC721._open3CapsForSender
DA:531,11391
DA:533,11391
DA:534,11391
DA:535,11391
DA:536,11391
DA:541,11391
DA:545,11391
DA:546,11391
DA:547,11391
FN:555,VeggiaERC721._lockFirstMintToken
FNDA:11391,VeggiaERC721._lockFirstMintToken
DA:556,11391
BRDA:556,16,0,2086
DA:557,2086
DA:558,2086
DA:560,2086
FNF:24
FNH:24
LF:108
LH:108
BRF:19
BRH:17
end_of_record
TN:
SF:src/proxy/VeggiaERC721Proxy.sol
FN:26,VeggiaERC721Proxy.
FNDA:3,VeggiaERC721Proxy.
FN:35,VeggiaERC721Proxy.initialize
FNDA:4,VeggiaERC721Proxy.initialize
DA:36,4
BRDA:36,0,0,-
DA:37,1
BRDA:37,1,0,1
DA:39,3
DA:43,3
BRDA:43,2,0,-
DA:44,3
FN:50,VeggiaERC721Proxy.implementation
FNDA:2,VeggiaERC721Proxy.implementation
DA:51,2
FN:57,VeggiaERC721Proxy.admin
FNDA:2,VeggiaERC721Proxy.admin
DA:58,2
FNF:4
FNH:4
LF:7
LH:7
BRF:3
BRH:1
end_of_record
TN:
SF:test/VeggiaERC721Proxy.upgradeTo.t.sol
FN:14,VeggiaERC721ProxyTest.setUp
FNDA:0,VeggiaERC721ProxyTest.setUp
DA:15,0
DA:16,0
DA:17,0
DA:19,0
FNF:1
FNH:0
LF:4
LH:0
BRF:0
BRH:0
end_of_record
TN:
SF:test/utils/MintHelper.sol
FN:12,MintHelper.forceMint3
FNDA:5,MintHelper.forceMint3
DA:13,5
DA:14,8
DA:15,8
DA:16,8
DA:17,8
DA:18,8
DA:20,8
DA:21,8
DA:22,8
FN:26,MintHelper.forceMint3Premium
FNDA:0,MintHelper.forceMint3Premium
DA:27,0
DA:28,0
DA:29,0
DA:30,0
DA:31,0
DA:32,0
DA:34,0
DA:35,0
DA:36,0
FNF:2
FNH:1
LF:18
LH:9
BRF:0
BRH:0
end_of_record
